<?xml version="1.0" encoding="UTF-8"?>
<!-- Generated by org.testng.reporters.JUnitReportReporter -->
<testsuite hostname="CPBs-MacBook-Air.local" failures="0" tests="1" name="runner.runnerFile" time="11.019" errors="0" timestamp="2024-11-13T09:59:30 IST" skipped="0">
  <testcase classname="runner.runnerFile" name="runScenario" time="11.019"/>
</testsuite> <!-- runner.runnerFile -->
